12:57:54 INFO  - "deviceName", "Nex"
12:57:54 INFO  - "platformName", "Android"
12:57:54 INFO  - "platformVersion", "8.0"
12:57:54 INFO  - Link to apk --> /Users/tayahatum/Tools/apk/v.0.0.3.apk
12:58:30 INFO  - Before find by --> By.xpath: //*[@resource-id='com.example.svetlana.scheduler:id/log_email_input']
12:58:32 INFO  - After find by --> By.xpath: //*[@resource-id='com.example.svetlana.scheduler:id/log_email_input']
12:58:32 INFO  - Before find by --> By.xpath: //*[@resource-id='com.example.svetlana.scheduler:id/log_email_input']
12:58:33 INFO  - After find by --> By.xpath: //*[@resource-id='com.example.svetlana.scheduler:id/log_email_input']
12:58:33 INFO  - Before find by --> By.xpath: //*[@resource-id='com.example.svetlana.scheduler:id/log_email_input']
12:58:35 INFO  - After find by --> By.xpath: //*[@resource-id='com.example.svetlana.scheduler:id/log_email_input']
12:58:35 INFO  - Before find by --> By.xpath: //*[@resource-id='com.example.svetlana.scheduler:id/log_email_input']
12:58:36 INFO  - After find by --> By.xpath: //*[@resource-id='com.example.svetlana.scheduler:id/log_email_input']
12:58:37 INFO  - Before find by --> By.xpath: //*[@resource-id='com.example.svetlana.scheduler:id/log_password_input']
12:58:38 INFO  - After find by --> By.xpath: //*[@resource-id='com.example.svetlana.scheduler:id/log_password_input']
12:58:38 INFO  - Before find by --> By.xpath: //*[@resource-id='com.example.svetlana.scheduler:id/log_password_input']
12:58:39 INFO  - After find by --> By.xpath: //*[@resource-id='com.example.svetlana.scheduler:id/log_password_input']
12:58:40 INFO  - Before find by --> By.xpath: //*[@resource-id='com.example.svetlana.scheduler:id/log_password_input']
12:58:40 INFO  - After find by --> By.xpath: //*[@resource-id='com.example.svetlana.scheduler:id/log_password_input']
12:58:42 INFO  - Before find by --> By.xpath: //*[@resource-id='com.example.svetlana.scheduler:id/login_btn']
12:58:43 INFO  - After find by --> By.xpath: //*[@resource-id='com.example.svetlana.scheduler:id/login_btn']
12:58:44 INFO  - Before find by --> By.xpath: //*[@resource-id ='com.example.svetlana.scheduler:id/fab_main']
12:58:47 INFO  - After find by --> By.xpath: //*[@resource-id ='com.example.svetlana.scheduler:id/fab_main']
12:58:47 INFO  - You hate a problem org.openqa.selenium.NoSuchElementException: An element could not be located on the page using the given search parameters.
For documentation on this error, please visit: https://www.seleniumhq.org/exceptions/no_such_element.html
Build info: version: '3.141.59', revision: 'e82be7d358', time: '2018-11-14T08:17:03'
System info: host: 'MBP-Taya.lan', ip: 'fe80:0:0:0:e:e815:ae89:1872%en0', os.name: 'Mac OS X', os.arch: 'x86_64', os.version: '10.16', java.version: '1.8.0_151'
Driver info: io.appium.java_client.AppiumDriver
Capabilities {app: /Users/tayahatum/Tools/apk/..., appActivity: .presentation.splashScreen...., appPackage: com.example.svetlana.scheduler, automationName: Appium, databaseEnabled: false, desired: {app: /Users/tayahatum/Tools/apk/..., appActivity: .presentation.splashScreen...., appPackage: com.example.svetlana.scheduler, automationName: Appium, deviceName: Nex, platformName: android, platformVersion: 8.0}, deviceApiLevel: 26, deviceManufacturer: Google, deviceModel: Android SDK built for x86, deviceName: emulator-5554, deviceScreenDensity: 480, deviceScreenSize: 1080x1920, deviceUDID: emulator-5554, javascriptEnabled: true, locationContextEnabled: false, networkConnectionEnabled: true, pixelRatio: 3, platform: LINUX, platformName: Android, platformVersion: 8.0.0, statBarHeight: 72, takesScreenshot: true, viewportRect: {height: 1704, left: 0, top: 72, width: 1080}, warnings: {}, webStorageEnabled: false}
Session ID: 828bfc44-45be-4887-95e7-334b5409fda1
*** Element info: {Using=xpath, value=//*[@resource-id ='com.example.svetlana.scheduler:id/fab_main']}
