20:31:24 INFO  - "deviceName", "Nex"
20:31:24 INFO  - "platformName", "Android"
20:31:24 INFO  - "platformVersion", "8.0"
20:31:24 INFO  - Link to apk --> /Users/tayahatum/Tools/apk/v.0.0.3.apk
20:31:56 INFO  - Registration with new auth --> Auth(email=wick1916@gmail.com, password=Ww12345$)
20:31:57 INFO  - Before find by --> By.xpath: //*[@resource-id='com.example.svetlana.scheduler:id/log_email_input']
20:31:57 INFO  - After find by --> By.xpath: //*[@resource-id='com.example.svetlana.scheduler:id/log_email_input']
20:31:57 INFO  - You hate a problem [Ljava.lang.StackTraceElement;@6c2fcad7
20:32:04 INFO  - Screen with error in file src/test/screenshots/screen1924.png
20:32:05 INFO  - Before find by --> By.xpath: //*[@resource-id='com.example.svetlana.scheduler:id/log_email_input']
20:32:06 INFO  - After find by --> By.xpath: //*[@resource-id='com.example.svetlana.scheduler:id/log_email_input']
20:32:07 INFO  - Before find by --> By.xpath: //*[@resource-id='com.example.svetlana.scheduler:id/log_email_input']
20:32:08 INFO  - After find by --> By.xpath: //*[@resource-id='com.example.svetlana.scheduler:id/log_email_input']
20:32:09 INFO  - Before find by --> By.xpath: //*[@resource-id='com.example.svetlana.scheduler:id/log_email_input']
20:32:10 INFO  - After find by --> By.xpath: //*[@resource-id='com.example.svetlana.scheduler:id/log_email_input']
20:32:11 INFO  - Before find by --> By.xpath: //*[@resource-id='com.example.svetlana.scheduler:id/log_email_input']
20:32:12 INFO  - After find by --> By.xpath: //*[@resource-id='com.example.svetlana.scheduler:id/log_email_input']
20:32:13 INFO  - Before find by --> By.xpath: //*[@resource-id='com.example.svetlana.scheduler:id/log_password_input']
20:32:13 INFO  - After find by --> By.xpath: //*[@resource-id='com.example.svetlana.scheduler:id/log_password_input']
20:32:14 INFO  - Before find by --> By.xpath: //*[@resource-id='com.example.svetlana.scheduler:id/log_password_input']
20:32:15 INFO  - After find by --> By.xpath: //*[@resource-id='com.example.svetlana.scheduler:id/log_password_input']
20:32:16 INFO  - Before find by --> By.xpath: //*[@resource-id='com.example.svetlana.scheduler:id/log_password_input']
20:32:16 INFO  - After find by --> By.xpath: //*[@resource-id='com.example.svetlana.scheduler:id/log_password_input']
20:32:18 INFO  - Before find by --> By.xpath: //*[@resource-id='com.example.svetlana.scheduler:id/login_btn']
20:32:18 INFO  - After find by --> By.xpath: //*[@resource-id='com.example.svetlana.scheduler:id/login_btn']
20:32:19 INFO  - Before find by --> By.xpath: //*[@resource-id='com.example.svetlana.scheduler:id/wizard_settings_skip_container']
20:32:20 INFO  - After find by --> By.xpath: //*[@resource-id='com.example.svetlana.scheduler:id/wizard_settings_skip_container']
20:32:20 INFO  - You hate a problem [Ljava.lang.StackTraceElement;@611ad191
20:32:23 INFO  - Screen with error in file src/test/screenshots/screen1943.png
20:32:24 INFO  - Before find by --> By.xpath: //*[@resource-id='com.example.svetlana.scheduler:id/wizard_settings_skip_container']
20:32:24 INFO  - After find by --> By.xpath: //*[@resource-id='com.example.svetlana.scheduler:id/wizard_settings_skip_container']
20:32:24 INFO  - Before find by --> By.xpath: //*[@resource-id='com.example.svetlana.scheduler:id/wizard_settings_skip_container']
20:32:24 INFO  - After find by --> By.xpath: //*[@resource-id='com.example.svetlana.scheduler:id/wizard_settings_skip_container']
20:32:25 INFO  - Before find by --> By.xpath: //*[@resource-id='com.example.svetlana.scheduler:id/wizard_settings_skip_container']
20:32:25 INFO  - After find by --> By.xpath: //*[@resource-id='com.example.svetlana.scheduler:id/wizard_settings_skip_container']
20:32:26 INFO  - Before find by --> By.xpath: //*[@content-desc='Open']
20:32:26 INFO  - After find by --> By.xpath: //*[@content-desc='Open']
20:32:26 INFO  - You hate a problem [Ljava.lang.StackTraceElement;@4ddf9ee2
20:32:29 INFO  - Screen with error in file src/test/screenshots/screen1949.png
