16:26:30 INFO  - "deviceName", "Nex"
16:26:30 INFO  - "platformName", "Android"
16:26:30 INFO  - "platformVersion", "8.0"
16:26:30 INFO  - Link to apk --> /Users/tayahatum/Tools/apk/v.0.0.3.apk
16:26:54 INFO  - Before find by --> By.xpath: //*[@resource-id='com.example.svetlana.scheduler:id/log_email_input']
16:26:54 INFO  - After find by --> By.xpath: //*[@resource-id='com.example.svetlana.scheduler:id/log_email_input']
16:26:54 INFO  - You hate a problem org.openqa.selenium.NoSuchElementException: An element could not be located on the page using the given search parameters.
For documentation on this error, please visit: https://www.seleniumhq.org/exceptions/no_such_element.html
Build info: version: '3.141.59', revision: 'e82be7d358', time: '2018-11-14T08:17:03'
System info: host: 'MBP-Taya.lan', ip: 'fe80:0:0:0:e:e815:ae89:1872%en0', os.name: 'Mac OS X', os.arch: 'x86_64', os.version: '10.16', java.version: '1.8.0_151'
Driver info: io.appium.java_client.AppiumDriver
Capabilities {app: /Users/tayahatum/Tools/apk/..., appActivity: .presentation.splashScreen...., appPackage: com.example.svetlana.scheduler, automationName: Appium, databaseEnabled: false, desired: {app: /Users/tayahatum/Tools/apk/..., appActivity: .presentation.splashScreen...., appPackage: com.example.svetlana.scheduler, automationName: Appium, deviceName: Nex, platformName: android, platformVersion: 8.0}, deviceApiLevel: 26, deviceManufacturer: Google, deviceModel: Android SDK built for x86, deviceName: emulator-5554, deviceScreenDensity: 480, deviceScreenSize: 1080x1920, deviceUDID: emulator-5554, javascriptEnabled: true, locationContextEnabled: false, networkConnectionEnabled: true, pixelRatio: 3, platform: LINUX, platformName: Android, platformVersion: 8.0.0, statBarHeight: 72, takesScreenshot: true, viewportRect: {height: 1704, left: 0, top: 72, width: 1080}, warnings: {}, webStorageEnabled: false}
Session ID: 341aeaaa-cdba-4495-a9d6-36074249c2ec
*** Element info: {Using=xpath, value=//*[@resource-id='com.example.svetlana.scheduler:id/log_email_input']}
16:26:55 INFO  - Screen with error in file src/test/screenshots/screen1615.png
16:26:56 INFO  - Before find by --> By.xpath: //*[@resource-id='com.example.svetlana.scheduler:id/log_email_input']
16:26:56 INFO  - After find by --> By.xpath: //*[@resource-id='com.example.svetlana.scheduler:id/log_email_input']
16:26:56 INFO  - You hate a problem org.openqa.selenium.NoSuchElementException: An element could not be located on the page using the given search parameters.
For documentation on this error, please visit: https://www.seleniumhq.org/exceptions/no_such_element.html
Build info: version: '3.141.59', revision: 'e82be7d358', time: '2018-11-14T08:17:03'
System info: host: 'MBP-Taya.lan', ip: 'fe80:0:0:0:e:e815:ae89:1872%en0', os.name: 'Mac OS X', os.arch: 'x86_64', os.version: '10.16', java.version: '1.8.0_151'
Driver info: io.appium.java_client.AppiumDriver
Capabilities {app: /Users/tayahatum/Tools/apk/..., appActivity: .presentation.splashScreen...., appPackage: com.example.svetlana.scheduler, automationName: Appium, databaseEnabled: false, desired: {app: /Users/tayahatum/Tools/apk/..., appActivity: .presentation.splashScreen...., appPackage: com.example.svetlana.scheduler, automationName: Appium, deviceName: Nex, platformName: android, platformVersion: 8.0}, deviceApiLevel: 26, deviceManufacturer: Google, deviceModel: Android SDK built for x86, deviceName: emulator-5554, deviceScreenDensity: 480, deviceScreenSize: 1080x1920, deviceUDID: emulator-5554, javascriptEnabled: true, locationContextEnabled: false, networkConnectionEnabled: true, pixelRatio: 3, platform: LINUX, platformName: Android, platformVersion: 8.0.0, statBarHeight: 72, takesScreenshot: true, viewportRect: {height: 1704, left: 0, top: 72, width: 1080}, warnings: {}, webStorageEnabled: false}
Session ID: 341aeaaa-cdba-4495-a9d6-36074249c2ec
*** Element info: {Using=xpath, value=//*[@resource-id='com.example.svetlana.scheduler:id/log_email_input']}
16:26:56 INFO  - Screen with error in file src/test/screenshots/screen1616.png
16:26:57 INFO  - Before find by --> By.xpath: //*[@resource-id='com.example.svetlana.scheduler:id/log_email_input']
16:26:58 INFO  - After find by --> By.xpath: //*[@resource-id='com.example.svetlana.scheduler:id/log_email_input']
16:26:58 INFO  - Before find by --> By.xpath: //*[@resource-id='com.example.svetlana.scheduler:id/log_email_input']
16:26:58 INFO  - After find by --> By.xpath: //*[@resource-id='com.example.svetlana.scheduler:id/log_email_input']
16:26:58 INFO  - Before find by --> By.xpath: //*[@resource-id='com.example.svetlana.scheduler:id/log_email_input']
16:27:00 INFO  - After find by --> By.xpath: //*[@resource-id='com.example.svetlana.scheduler:id/log_email_input']
16:27:00 INFO  - Before find by --> By.xpath: //*[@resource-id='com.example.svetlana.scheduler:id/log_email_input']
16:27:01 INFO  - After find by --> By.xpath: //*[@resource-id='com.example.svetlana.scheduler:id/log_email_input']
16:27:02 INFO  - Before find by --> By.xpath: //*[@resource-id='com.example.svetlana.scheduler:id/log_password_input']
16:27:03 INFO  - After find by --> By.xpath: //*[@resource-id='com.example.svetlana.scheduler:id/log_password_input']
16:27:04 INFO  - Before find by --> By.xpath: //*[@resource-id='com.example.svetlana.scheduler:id/log_password_input']
16:27:04 INFO  - After find by --> By.xpath: //*[@resource-id='com.example.svetlana.scheduler:id/log_password_input']
16:27:04 INFO  - Before find by --> By.xpath: //*[@resource-id='com.example.svetlana.scheduler:id/log_password_input']
16:27:05 INFO  - After find by --> By.xpath: //*[@resource-id='com.example.svetlana.scheduler:id/log_password_input']
16:27:07 INFO  - Before find by --> By.xpath: //*[@resource-id='com.example.svetlana.scheduler:id/login_btn']
16:27:07 INFO  - After find by --> By.xpath: //*[@resource-id='com.example.svetlana.scheduler:id/login_btn']
16:27:07 INFO  - Before find by --> By.xpath: //*[@resource-id ='com.example.svetlana.scheduler:id/fab_main']
16:27:09 INFO  - After find by --> By.xpath: //*[@resource-id ='com.example.svetlana.scheduler:id/fab_main']
16:27:09 INFO  - You hate a problem org.openqa.selenium.NoSuchElementException: An element could not be located on the page using the given search parameters.
For documentation on this error, please visit: https://www.seleniumhq.org/exceptions/no_such_element.html
Build info: version: '3.141.59', revision: 'e82be7d358', time: '2018-11-14T08:17:03'
System info: host: 'MBP-Taya.lan', ip: 'fe80:0:0:0:e:e815:ae89:1872%en0', os.name: 'Mac OS X', os.arch: 'x86_64', os.version: '10.16', java.version: '1.8.0_151'
Driver info: io.appium.java_client.AppiumDriver
Capabilities {app: /Users/tayahatum/Tools/apk/..., appActivity: .presentation.splashScreen...., appPackage: com.example.svetlana.scheduler, automationName: Appium, databaseEnabled: false, desired: {app: /Users/tayahatum/Tools/apk/..., appActivity: .presentation.splashScreen...., appPackage: com.example.svetlana.scheduler, automationName: Appium, deviceName: Nex, platformName: android, platformVersion: 8.0}, deviceApiLevel: 26, deviceManufacturer: Google, deviceModel: Android SDK built for x86, deviceName: emulator-5554, deviceScreenDensity: 480, deviceScreenSize: 1080x1920, deviceUDID: emulator-5554, javascriptEnabled: true, locationContextEnabled: false, networkConnectionEnabled: true, pixelRatio: 3, platform: LINUX, platformName: Android, platformVersion: 8.0.0, statBarHeight: 72, takesScreenshot: true, viewportRect: {height: 1704, left: 0, top: 72, width: 1080}, warnings: {}, webStorageEnabled: false}
Session ID: 341aeaaa-cdba-4495-a9d6-36074249c2ec
*** Element info: {Using=xpath, value=//*[@resource-id ='com.example.svetlana.scheduler:id/fab_main']}
16:27:12 INFO  - Screen with error in file src/test/screenshots/screen1632.png
16:27:13 INFO  - Before find by --> By.xpath: //*[@resource-id ='com.example.svetlana.scheduler:id/fab_main']
16:27:14 INFO  - After find by --> By.xpath: //*[@resource-id ='com.example.svetlana.scheduler:id/fab_main']
16:27:14 INFO  - Before find by --> By.xpath: //*[@resource-id ='com.example.svetlana.scheduler:id/fab_main']
16:27:15 INFO  - After find by --> By.xpath: //*[@resource-id ='com.example.svetlana.scheduler:id/fab_main']
16:27:15 INFO  - Before find by --> By.xpath: //*[@resource-id ='com.example.svetlana.scheduler:id/fab_add_event']
16:27:16 INFO  - After find by --> By.xpath: //*[@resource-id ='com.example.svetlana.scheduler:id/fab_add_event']
16:27:20 INFO  - Before find by --> By.xpath: //*[@resource-id='com.example.svetlana.scheduler:id/row_day_number_txt']
16:27:20 INFO  - After find by --> By.xpath: //*[@resource-id='com.example.svetlana.scheduler:id/row_day_number_txt']
16:27:20 INFO  - You hate a problem org.openqa.selenium.WebDriverException: An unknown server-side error occurred while processing the command. Original error: Could not proxy command to remote server. Original error: Error: socket hang up
Build info: version: '3.141.59', revision: 'e82be7d358', time: '2018-11-14T08:17:03'
System info: host: 'MBP-Taya.lan', ip: 'fe80:0:0:0:e:e815:ae89:1872%en0', os.name: 'Mac OS X', os.arch: 'x86_64', os.version: '10.16', java.version: '1.8.0_151'
Driver info: io.appium.java_client.AppiumDriver
Capabilities {app: /Users/tayahatum/Tools/apk/..., appActivity: .presentation.splashScreen...., appPackage: com.example.svetlana.scheduler, automationName: Appium, databaseEnabled: false, desired: {app: /Users/tayahatum/Tools/apk/..., appActivity: .presentation.splashScreen...., appPackage: com.example.svetlana.scheduler, automationName: Appium, deviceName: Nex, platformName: android, platformVersion: 8.0}, deviceApiLevel: 26, deviceManufacturer: Google, deviceModel: Android SDK built for x86, deviceName: emulator-5554, deviceScreenDensity: 480, deviceScreenSize: 1080x1920, deviceUDID: emulator-5554, javascriptEnabled: true, locationContextEnabled: false, networkConnectionEnabled: true, pixelRatio: 3, platform: LINUX, platformName: Android, platformVersion: 8.0.0, statBarHeight: 72, takesScreenshot: true, viewportRect: {height: 1704, left: 0, top: 72, width: 1080}, warnings: {}, webStorageEnabled: false}
Session ID: 341aeaaa-cdba-4495-a9d6-36074249c2ec
*** Element info: {Using=xpath, value=//*[@resource-id='com.example.svetlana.scheduler:id/row_day_number_txt']}
