12:59:13 INFO  - "deviceName", "Nex"
12:59:13 INFO  - "platformName", "Android"
12:59:13 INFO  - "platformVersion", "8.0"
12:59:13 INFO  - Link to apk --> /Users/tayahatum/Tools/apk/v.0.0.3.apk
12:59:57 INFO  - Before find by --> By.xpath: //*[@resource-id='com.example.svetlana.scheduler:id/log_email_input']
12:59:58 INFO  - After find by --> By.xpath: //*[@resource-id='com.example.svetlana.scheduler:id/log_email_input']
12:59:59 INFO  - Before find by --> By.xpath: //*[@resource-id='com.example.svetlana.scheduler:id/log_email_input']
12:59:59 INFO  - After find by --> By.xpath: //*[@resource-id='com.example.svetlana.scheduler:id/log_email_input']
13:00:00 INFO  - Before find by --> By.xpath: //*[@resource-id='com.example.svetlana.scheduler:id/log_email_input']
13:00:01 INFO  - After find by --> By.xpath: //*[@resource-id='com.example.svetlana.scheduler:id/log_email_input']
13:00:01 INFO  - Before find by --> By.xpath: //*[@resource-id='com.example.svetlana.scheduler:id/log_email_input']
13:00:02 INFO  - After find by --> By.xpath: //*[@resource-id='com.example.svetlana.scheduler:id/log_email_input']
13:00:03 INFO  - Before find by --> By.xpath: //*[@resource-id='com.example.svetlana.scheduler:id/log_password_input']
13:00:04 INFO  - After find by --> By.xpath: //*[@resource-id='com.example.svetlana.scheduler:id/log_password_input']
13:00:04 INFO  - Before find by --> By.xpath: //*[@resource-id='com.example.svetlana.scheduler:id/log_password_input']
13:00:06 INFO  - After find by --> By.xpath: //*[@resource-id='com.example.svetlana.scheduler:id/log_password_input']
13:00:06 INFO  - Before find by --> By.xpath: //*[@resource-id='com.example.svetlana.scheduler:id/log_password_input']
13:00:07 INFO  - After find by --> By.xpath: //*[@resource-id='com.example.svetlana.scheduler:id/log_password_input']
13:00:09 INFO  - Before find by --> By.xpath: //*[@resource-id='com.example.svetlana.scheduler:id/login_btn']
13:00:10 INFO  - After find by --> By.xpath: //*[@resource-id='com.example.svetlana.scheduler:id/login_btn']
13:00:10 INFO  - Before find by --> By.xpath: //*[@resource-id ='com.example.svetlana.scheduler:id/fab_main']
13:00:11 INFO  - After find by --> By.xpath: //*[@resource-id ='com.example.svetlana.scheduler:id/fab_main']
13:00:11 INFO  - You hate a problem org.openqa.selenium.NoSuchElementException: An element could not be located on the page using the given search parameters.
For documentation on this error, please visit: https://www.seleniumhq.org/exceptions/no_such_element.html
Build info: version: '3.141.59', revision: 'e82be7d358', time: '2018-11-14T08:17:03'
System info: host: 'MBP-Taya.lan', ip: 'fe80:0:0:0:e:e815:ae89:1872%en0', os.name: 'Mac OS X', os.arch: 'x86_64', os.version: '10.16', java.version: '1.8.0_151'
Driver info: io.appium.java_client.AppiumDriver
Capabilities {app: /Users/tayahatum/Tools/apk/..., appActivity: .presentation.splashScreen...., appPackage: com.example.svetlana.scheduler, automationName: Appium, databaseEnabled: false, desired: {app: /Users/tayahatum/Tools/apk/..., appActivity: .presentation.splashScreen...., appPackage: com.example.svetlana.scheduler, automationName: Appium, deviceName: Nex, platformName: android, platformVersion: 8.0}, deviceApiLevel: 26, deviceManufacturer: Google, deviceModel: Android SDK built for x86, deviceName: emulator-5554, deviceScreenDensity: 480, deviceScreenSize: 1080x1920, deviceUDID: emulator-5554, javascriptEnabled: true, locationContextEnabled: false, networkConnectionEnabled: true, pixelRatio: 3, platform: LINUX, platformName: Android, platformVersion: 8.0.0, statBarHeight: 72, takesScreenshot: true, viewportRect: {height: 1704, left: 0, top: 72, width: 1080}, warnings: {}, webStorageEnabled: false}
Session ID: f2230d8f-8766-474e-a051-d1e584f1eb32
*** Element info: {Using=xpath, value=//*[@resource-id ='com.example.svetlana.scheduler:id/fab_main']}
13:00:20 INFO  - Screen with error in file src/test/screenshots/screen20.png
13:00:21 INFO  - Before find by --> By.xpath: //*[@resource-id ='com.example.svetlana.scheduler:id/fab_main']
13:00:28 INFO  - After find by --> By.xpath: //*[@resource-id ='com.example.svetlana.scheduler:id/fab_main']
13:00:28 INFO  - Before find by --> By.xpath: //*[@resource-id ='com.example.svetlana.scheduler:id/fab_main']
13:00:34 INFO  - After find by --> By.xpath: //*[@resource-id ='com.example.svetlana.scheduler:id/fab_main']
13:00:35 INFO  - Before find by --> By.xpath: //*[@resource-id ='com.example.svetlana.scheduler:id/fab_add_event']
13:00:42 INFO  - After find by --> By.xpath: //*[@resource-id ='com.example.svetlana.scheduler:id/fab_add_event']
13:00:46 INFO  - The 'Width' of screen  -->1080
13:00:46 INFO  - The 'Height' of screen  -->1776
13:00:46 INFO  - Before find by --> By.xpath: //*[@resource-id='com.example.svetlana.scheduler:id/row_day_number_txt']
13:00:46 INFO  - After find by --> By.xpath: //*[@resource-id='com.example.svetlana.scheduler:id/row_day_number_txt']
13:00:47 INFO  - The 'Width' of first element  -->219
13:00:47 INFO  - The 'Height' of first element  -->218
13:00:47 INFO  - The 'X' of first element  -->122
13:00:47 INFO  - The 'Y' of first element  -->288
13:00:47 INFO  - Before find by --> By.xpath: //*[@resource-id='com.example.svetlana.scheduler:id/row_day_number_txt']
13:00:47 INFO  - After find by --> By.xpath: //*[@resource-id='com.example.svetlana.scheduler:id/row_day_number_txt']
13:00:48 INFO  - The 'Day' of first element  -->24
13:00:48 INFO  - Before find by --> By.xpath: //*[@resource-id='com.example.svetlana.scheduler:id/row_month_txt']
13:00:49 INFO  - After find by --> By.xpath: //*[@resource-id='com.example.svetlana.scheduler:id/row_month_txt']
13:00:50 INFO  - The 'Month' of first element  -->MAY
13:00:57 INFO  - Before find by --> By.xpath: //*[@resource-id='com.example.svetlana.scheduler:id/info_title_input']
13:00:57 INFO  - After find by --> By.xpath: //*[@resource-id='com.example.svetlana.scheduler:id/info_title_input']
13:00:57 INFO  - Before find by --> By.xpath: //*[@resource-id='com.example.svetlana.scheduler:id/info_title_input']
13:00:58 INFO  - After find by --> By.xpath: //*[@resource-id='com.example.svetlana.scheduler:id/info_title_input']
13:00:59 INFO  - Before find by --> By.xpath: //*[@resource-id='com.example.svetlana.scheduler:id/info_title_input']
13:01:00 INFO  - After find by --> By.xpath: //*[@resource-id='com.example.svetlana.scheduler:id/info_title_input']
13:01:01 INFO  - Before find by --> By.xpath: //*[@resource-id='com.example.svetlana.scheduler:id/info_title_input']
13:01:02 INFO  - After find by --> By.xpath: //*[@resource-id='com.example.svetlana.scheduler:id/info_title_input']
13:01:03 INFO  - Before find by --> By.xpath: //*[@resource-id='com.example.svetlana.scheduler:id/info_type_input']
13:01:04 INFO  - After find by --> By.xpath: //*[@resource-id='com.example.svetlana.scheduler:id/info_type_input']
13:01:04 INFO  - Before find by --> By.xpath: //*[@resource-id='com.example.svetlana.scheduler:id/info_type_input']
13:01:05 INFO  - After find by --> By.xpath: //*[@resource-id='com.example.svetlana.scheduler:id/info_type_input']
13:01:05 INFO  - Before find by --> By.xpath: //*[@resource-id='com.example.svetlana.scheduler:id/info_type_input']
13:01:06 INFO  - After find by --> By.xpath: //*[@resource-id='com.example.svetlana.scheduler:id/info_type_input']
13:01:08 INFO  - Before find by --> By.xpath: //*[@resource-id='com.example.svetlana.scheduler:id/info_break_plus_btn']
13:01:09 INFO  - After find by --> By.xpath: //*[@resource-id='com.example.svetlana.scheduler:id/info_break_plus_btn']
13:01:09 INFO  - Before find by --> By.xpath: //*[@resource-id='com.example.svetlana.scheduler:id/info_break_plus_btn']
13:01:10 INFO  - After find by --> By.xpath: //*[@resource-id='com.example.svetlana.scheduler:id/info_break_plus_btn']
13:01:11 INFO  - Before find by --> By.xpath: //*[@resource-id='com.example.svetlana.scheduler:id/info_wage_edit']
13:01:12 INFO  - After find by --> By.xpath: //*[@resource-id='com.example.svetlana.scheduler:id/info_wage_edit']
13:01:12 INFO  - Before find by --> By.xpath: //*[@resource-id='com.example.svetlana.scheduler:id/info_wage_input']
13:01:13 INFO  - After find by --> By.xpath: //*[@resource-id='com.example.svetlana.scheduler:id/info_wage_input']
13:01:14 INFO  - Before find by --> By.xpath: //*[@resource-id='com.example.svetlana.scheduler:id/info_wage_input']
13:01:15 INFO  - After find by --> By.xpath: //*[@resource-id='com.example.svetlana.scheduler:id/info_wage_input']
13:01:15 INFO  - Before find by --> By.xpath: //*[@resource-id='com.example.svetlana.scheduler:id/info_wage_input']
13:01:16 INFO  - After find by --> By.xpath: //*[@resource-id='com.example.svetlana.scheduler:id/info_wage_input']
13:01:17 INFO  - Before find by --> By.xpath: //*[@resource-id='com.example.svetlana.scheduler:id/info_wage_save']
13:01:17 INFO  - After find by --> By.xpath: //*[@resource-id='com.example.svetlana.scheduler:id/info_wage_save']
13:01:18 INFO  - Before find by --> By.xpath: //*[@resource-id='com.example.svetlana.scheduler:id/info_save_btn']
13:01:19 INFO  - After find by --> By.xpath: //*[@resource-id='com.example.svetlana.scheduler:id/info_save_btn']
13:01:19 INFO  - Before find by --> By.xpath: //*[@resource-id ='com.example.svetlana.scheduler:id/fab_main']
13:01:28 INFO  - After find by --> By.xpath: //*[@resource-id ='com.example.svetlana.scheduler:id/fab_main']
13:01:28 INFO  - Before find by --> By.xpath: //*[@resource-id ='com.example.svetlana.scheduler:id/fab_main']
13:01:33 INFO  - After find by --> By.xpath: //*[@resource-id ='com.example.svetlana.scheduler:id/fab_main']
