23:32:20 INFO  - "deviceName", "Nex"
23:32:20 INFO  - "platformName", "Android"
23:32:20 INFO  - "platformVersion", "8.0"
23:32:20 INFO  - Link to apk --> /Users/tayahatum/Tools/apk/v.0.0.3.apk
23:32:42 INFO  - Registration with new auth --> Auth(email=wick1962@gmail.com, password=Ww12345$)
23:32:42 INFO  - Before find by --> By.xpath: //*[@resource-id='com.example.svetlana.scheduler:id/log_email_input']
23:32:42 INFO  - After find by --> By.xpath: //*[@resource-id='com.example.svetlana.scheduler:id/log_email_input']
23:32:42 INFO  - You hate a problem org.openqa.selenium.NoSuchElementException: An element could not be located on the page using the given search parameters.
For documentation on this error, please visit: https://www.seleniumhq.org/exceptions/no_such_element.html
Build info: version: '3.141.59', revision: 'e82be7d358', time: '2018-11-14T08:17:03'
System info: host: 'MBP-Taya.lan', ip: 'fe80:0:0:0:27:afd8:f3f4:c01%en0', os.name: 'Mac OS X', os.arch: 'x86_64', os.version: '10.16', java.version: '1.8.0_151'
Driver info: io.appium.java_client.AppiumDriver
Capabilities {app: /Users/tayahatum/Tools/apk/..., appActivity: .presentation.splashScreen...., appPackage: com.example.svetlana.scheduler, automationName: Appium, databaseEnabled: false, desired: {app: /Users/tayahatum/Tools/apk/..., appActivity: .presentation.splashScreen...., appPackage: com.example.svetlana.scheduler, automationName: Appium, deviceName: Nex, platformName: android, platformVersion: 8.0}, deviceApiLevel: 26, deviceManufacturer: Google, deviceModel: Android SDK built for x86, deviceName: emulator-5554, deviceScreenDensity: 480, deviceScreenSize: 1080x1920, deviceUDID: emulator-5554, javascriptEnabled: true, locationContextEnabled: false, networkConnectionEnabled: true, pixelRatio: 3, platform: LINUX, platformName: Android, platformVersion: 8.0.0, statBarHeight: 72, takesScreenshot: true, viewportRect: {height: 1704, left: 0, top: 72, width: 1080}, warnings: {}, webStorageEnabled: false}
Session ID: ed9200ab-29e8-417e-9b65-42259bd6c241
*** Element info: {Using=xpath, value=//*[@resource-id='com.example.svetlana.scheduler:id/log_email_input']}
23:32:43 INFO  - Screen with error in file src/test/screenshots/screen1963.png
23:32:44 INFO  - Before find by --> By.xpath: //*[@resource-id='com.example.svetlana.scheduler:id/log_email_input']
23:32:45 INFO  - After find by --> By.xpath: //*[@resource-id='com.example.svetlana.scheduler:id/log_email_input']
23:32:45 INFO  - Before find by --> By.xpath: //*[@resource-id='com.example.svetlana.scheduler:id/log_email_input']
23:32:45 INFO  - After find by --> By.xpath: //*[@resource-id='com.example.svetlana.scheduler:id/log_email_input']
23:32:46 INFO  - Before find by --> By.xpath: //*[@resource-id='com.example.svetlana.scheduler:id/log_email_input']
23:32:47 INFO  - After find by --> By.xpath: //*[@resource-id='com.example.svetlana.scheduler:id/log_email_input']
23:32:47 INFO  - Before find by --> By.xpath: //*[@resource-id='com.example.svetlana.scheduler:id/log_email_input']
23:32:48 INFO  - After find by --> By.xpath: //*[@resource-id='com.example.svetlana.scheduler:id/log_email_input']
23:32:48 INFO  - Before find by --> By.xpath: //*[@resource-id='com.example.svetlana.scheduler:id/log_password_input']
23:32:49 INFO  - After find by --> By.xpath: //*[@resource-id='com.example.svetlana.scheduler:id/log_password_input']
23:32:49 INFO  - Before find by --> By.xpath: //*[@resource-id='com.example.svetlana.scheduler:id/log_password_input']
23:32:50 INFO  - After find by --> By.xpath: //*[@resource-id='com.example.svetlana.scheduler:id/log_password_input']
23:32:50 INFO  - Before find by --> By.xpath: //*[@resource-id='com.example.svetlana.scheduler:id/log_password_input']
23:32:51 INFO  - After find by --> By.xpath: //*[@resource-id='com.example.svetlana.scheduler:id/log_password_input']
23:32:52 INFO  - Before find by --> By.xpath: //*[@resource-id='com.example.svetlana.scheduler:id/login_btn']
23:32:53 INFO  - After find by --> By.xpath: //*[@resource-id='com.example.svetlana.scheduler:id/login_btn']
23:32:53 INFO  - Before find by --> By.xpath: //*[@resource-id='com.example.svetlana.scheduler:id/wizard_settings_skip_container']
23:32:54 INFO  - After find by --> By.xpath: //*[@resource-id='com.example.svetlana.scheduler:id/wizard_settings_skip_container']
23:32:54 INFO  - You hate a problem org.openqa.selenium.NoSuchElementException: An element could not be located on the page using the given search parameters.
For documentation on this error, please visit: https://www.seleniumhq.org/exceptions/no_such_element.html
Build info: version: '3.141.59', revision: 'e82be7d358', time: '2018-11-14T08:17:03'
System info: host: 'MBP-Taya.lan', ip: 'fe80:0:0:0:27:afd8:f3f4:c01%en0', os.name: 'Mac OS X', os.arch: 'x86_64', os.version: '10.16', java.version: '1.8.0_151'
Driver info: io.appium.java_client.AppiumDriver
Capabilities {app: /Users/tayahatum/Tools/apk/..., appActivity: .presentation.splashScreen...., appPackage: com.example.svetlana.scheduler, automationName: Appium, databaseEnabled: false, desired: {app: /Users/tayahatum/Tools/apk/..., appActivity: .presentation.splashScreen...., appPackage: com.example.svetlana.scheduler, automationName: Appium, deviceName: Nex, platformName: android, platformVersion: 8.0}, deviceApiLevel: 26, deviceManufacturer: Google, deviceModel: Android SDK built for x86, deviceName: emulator-5554, deviceScreenDensity: 480, deviceScreenSize: 1080x1920, deviceUDID: emulator-5554, javascriptEnabled: true, locationContextEnabled: false, networkConnectionEnabled: true, pixelRatio: 3, platform: LINUX, platformName: Android, platformVersion: 8.0.0, statBarHeight: 72, takesScreenshot: true, viewportRect: {height: 1704, left: 0, top: 72, width: 1080}, warnings: {}, webStorageEnabled: false}
Session ID: ed9200ab-29e8-417e-9b65-42259bd6c241
*** Element info: {Using=xpath, value=//*[@resource-id='com.example.svetlana.scheduler:id/wizard_settings_skip_container']}
23:32:56 INFO  - Screen with error in file src/test/screenshots/screen1976.png
23:32:57 INFO  - Before find by --> By.xpath: //*[@resource-id='com.example.svetlana.scheduler:id/wizard_settings_skip_container']
23:32:57 INFO  - After find by --> By.xpath: //*[@resource-id='com.example.svetlana.scheduler:id/wizard_settings_skip_container']
23:32:57 INFO  - Before find by --> By.xpath: //*[@resource-id='com.example.svetlana.scheduler:id/wizard_settings_skip_container']
23:32:57 INFO  - After find by --> By.xpath: //*[@resource-id='com.example.svetlana.scheduler:id/wizard_settings_skip_container']
23:32:57 INFO  - Before find by --> By.xpath: //*[@resource-id='com.example.svetlana.scheduler:id/wizard_settings_skip_container']
23:32:57 INFO  - After find by --> By.xpath: //*[@resource-id='com.example.svetlana.scheduler:id/wizard_settings_skip_container']
23:32:59 INFO  - Before find by --> By.xpath: //*[@content-desc='Open']
23:32:59 INFO  - After find by --> By.xpath: //*[@content-desc='Open']
23:33:00 INFO  - Before find by --> By.xpath: //*[@resource-id='com.example.svetlana.scheduler:id/nav_fr_logout']
23:33:01 INFO  - After find by --> By.xpath: //*[@resource-id='com.example.svetlana.scheduler:id/nav_fr_logout']
23:33:01 INFO  - Before find by --> By.xpath: //*[@resource-id='com.example.svetlana.scheduler:id/login_btn']
23:33:02 INFO  - After find by --> By.xpath: //*[@resource-id='com.example.svetlana.scheduler:id/login_btn']
23:33:03 INFO  - Asser Login Button Present
