16:20:43 INFO  - "deviceName", "Nex"
16:20:43 INFO  - "platformName", "Android"
16:20:43 INFO  - "platformVersion", "8.0"
16:20:43 INFO  - Link to apk --> /Users/tayahatum/Tools/apk/v.0.0.3.apk
16:21:06 INFO  - Before find by --> By.xpath: //*[@resource-id='com.example.svetlana.scheduler:id/log_email_input']
16:21:06 INFO  - After find by --> By.xpath: //*[@resource-id='com.example.svetlana.scheduler:id/log_email_input']
16:21:06 INFO  - You hate a problem org.openqa.selenium.NoSuchElementException: An element could not be located on the page using the given search parameters.
For documentation on this error, please visit: https://www.seleniumhq.org/exceptions/no_such_element.html
Build info: version: '3.141.59', revision: 'e82be7d358', time: '2018-11-14T08:17:03'
System info: host: 'MBP-Taya.lan', ip: 'fe80:0:0:0:e:e815:ae89:1872%en0', os.name: 'Mac OS X', os.arch: 'x86_64', os.version: '10.16', java.version: '1.8.0_151'
Driver info: io.appium.java_client.AppiumDriver
Capabilities {app: /Users/tayahatum/Tools/apk/..., appActivity: .presentation.splashScreen...., appPackage: com.example.svetlana.scheduler, automationName: Appium, databaseEnabled: false, desired: {app: /Users/tayahatum/Tools/apk/..., appActivity: .presentation.splashScreen...., appPackage: com.example.svetlana.scheduler, automationName: Appium, deviceName: Nex, platformName: android, platformVersion: 8.0}, deviceApiLevel: 26, deviceManufacturer: Google, deviceModel: Android SDK built for x86, deviceName: emulator-5554, deviceScreenDensity: 480, deviceScreenSize: 1080x1920, deviceUDID: emulator-5554, javascriptEnabled: true, locationContextEnabled: false, networkConnectionEnabled: true, pixelRatio: 3, platform: LINUX, platformName: Android, platformVersion: 8.0.0, statBarHeight: 72, takesScreenshot: true, viewportRect: {height: 1704, left: 0, top: 72, width: 1080}, warnings: {}, webStorageEnabled: false}
Session ID: a1112ce2-c549-492c-b44a-ea9e3bfa533b
*** Element info: {Using=xpath, value=//*[@resource-id='com.example.svetlana.scheduler:id/log_email_input']}
16:21:07 INFO  - Screen with error in file src/test/screenshots/screen1267.png
16:21:07 INFO  - Before find by --> By.xpath: //*[@resource-id='com.example.svetlana.scheduler:id/log_email_input']
16:21:07 INFO  - After find by --> By.xpath: //*[@resource-id='com.example.svetlana.scheduler:id/log_email_input']
16:21:07 INFO  - You hate a problem org.openqa.selenium.NoSuchElementException: An element could not be located on the page using the given search parameters.
For documentation on this error, please visit: https://www.seleniumhq.org/exceptions/no_such_element.html
Build info: version: '3.141.59', revision: 'e82be7d358', time: '2018-11-14T08:17:03'
System info: host: 'MBP-Taya.lan', ip: 'fe80:0:0:0:e:e815:ae89:1872%en0', os.name: 'Mac OS X', os.arch: 'x86_64', os.version: '10.16', java.version: '1.8.0_151'
Driver info: io.appium.java_client.AppiumDriver
Capabilities {app: /Users/tayahatum/Tools/apk/..., appActivity: .presentation.splashScreen...., appPackage: com.example.svetlana.scheduler, automationName: Appium, databaseEnabled: false, desired: {app: /Users/tayahatum/Tools/apk/..., appActivity: .presentation.splashScreen...., appPackage: com.example.svetlana.scheduler, automationName: Appium, deviceName: Nex, platformName: android, platformVersion: 8.0}, deviceApiLevel: 26, deviceManufacturer: Google, deviceModel: Android SDK built for x86, deviceName: emulator-5554, deviceScreenDensity: 480, deviceScreenSize: 1080x1920, deviceUDID: emulator-5554, javascriptEnabled: true, locationContextEnabled: false, networkConnectionEnabled: true, pixelRatio: 3, platform: LINUX, platformName: Android, platformVersion: 8.0.0, statBarHeight: 72, takesScreenshot: true, viewportRect: {height: 1704, left: 0, top: 72, width: 1080}, warnings: {}, webStorageEnabled: false}
Session ID: a1112ce2-c549-492c-b44a-ea9e3bfa533b
*** Element info: {Using=xpath, value=//*[@resource-id='com.example.svetlana.scheduler:id/log_email_input']}
16:21:08 INFO  - Screen with error in file src/test/screenshots/screen1268.png
16:21:08 INFO  - Before find by --> By.xpath: //*[@resource-id='com.example.svetlana.scheduler:id/log_email_input']
16:21:10 INFO  - After find by --> By.xpath: //*[@resource-id='com.example.svetlana.scheduler:id/log_email_input']
16:21:10 INFO  - Before find by --> By.xpath: //*[@resource-id='com.example.svetlana.scheduler:id/log_email_input']
16:21:10 INFO  - After find by --> By.xpath: //*[@resource-id='com.example.svetlana.scheduler:id/log_email_input']
16:21:10 INFO  - Before find by --> By.xpath: //*[@resource-id='com.example.svetlana.scheduler:id/log_email_input']
16:21:12 INFO  - After find by --> By.xpath: //*[@resource-id='com.example.svetlana.scheduler:id/log_email_input']
16:21:12 INFO  - Before find by --> By.xpath: //*[@resource-id='com.example.svetlana.scheduler:id/log_email_input']
16:21:13 INFO  - After find by --> By.xpath: //*[@resource-id='com.example.svetlana.scheduler:id/log_email_input']
16:21:13 INFO  - Before find by --> By.xpath: //*[@resource-id='com.example.svetlana.scheduler:id/log_password_input']
16:21:15 INFO  - After find by --> By.xpath: //*[@resource-id='com.example.svetlana.scheduler:id/log_password_input']
16:21:16 INFO  - Before find by --> By.xpath: //*[@resource-id='com.example.svetlana.scheduler:id/log_password_input']
16:21:17 INFO  - After find by --> By.xpath: //*[@resource-id='com.example.svetlana.scheduler:id/log_password_input']
16:21:17 INFO  - Before find by --> By.xpath: //*[@resource-id='com.example.svetlana.scheduler:id/log_password_input']
16:21:18 INFO  - After find by --> By.xpath: //*[@resource-id='com.example.svetlana.scheduler:id/log_password_input']
16:21:21 INFO  - Before find by --> By.xpath: //*[@resource-id='com.example.svetlana.scheduler:id/login_btn']
16:21:21 INFO  - After find by --> By.xpath: //*[@resource-id='com.example.svetlana.scheduler:id/login_btn']
16:21:21 INFO  - Before find by --> By.xpath: //*[@resource-id ='com.example.svetlana.scheduler:id/fab_main']
16:21:22 INFO  - After find by --> By.xpath: //*[@resource-id ='com.example.svetlana.scheduler:id/fab_main']
16:21:22 INFO  - You hate a problem org.openqa.selenium.NoSuchElementException: An element could not be located on the page using the given search parameters.
For documentation on this error, please visit: https://www.seleniumhq.org/exceptions/no_such_element.html
Build info: version: '3.141.59', revision: 'e82be7d358', time: '2018-11-14T08:17:03'
System info: host: 'MBP-Taya.lan', ip: 'fe80:0:0:0:e:e815:ae89:1872%en0', os.name: 'Mac OS X', os.arch: 'x86_64', os.version: '10.16', java.version: '1.8.0_151'
Driver info: io.appium.java_client.AppiumDriver
Capabilities {app: /Users/tayahatum/Tools/apk/..., appActivity: .presentation.splashScreen...., appPackage: com.example.svetlana.scheduler, automationName: Appium, databaseEnabled: false, desired: {app: /Users/tayahatum/Tools/apk/..., appActivity: .presentation.splashScreen...., appPackage: com.example.svetlana.scheduler, automationName: Appium, deviceName: Nex, platformName: android, platformVersion: 8.0}, deviceApiLevel: 26, deviceManufacturer: Google, deviceModel: Android SDK built for x86, deviceName: emulator-5554, deviceScreenDensity: 480, deviceScreenSize: 1080x1920, deviceUDID: emulator-5554, javascriptEnabled: true, locationContextEnabled: false, networkConnectionEnabled: true, pixelRatio: 3, platform: LINUX, platformName: Android, platformVersion: 8.0.0, statBarHeight: 72, takesScreenshot: true, viewportRect: {height: 1704, left: 0, top: 72, width: 1080}, warnings: {}, webStorageEnabled: false}
Session ID: a1112ce2-c549-492c-b44a-ea9e3bfa533b
*** Element info: {Using=xpath, value=//*[@resource-id ='com.example.svetlana.scheduler:id/fab_main']}
16:21:27 INFO  - Screen with error in file src/test/screenshots/screen1287.png
16:21:27 INFO  - Before find by --> By.xpath: //*[@resource-id ='com.example.svetlana.scheduler:id/fab_main']
16:21:27 INFO  - After find by --> By.xpath: //*[@resource-id ='com.example.svetlana.scheduler:id/fab_main']
16:21:28 INFO  - Before find by --> By.xpath: //*[@resource-id ='com.example.svetlana.scheduler:id/fab_main']
16:21:28 INFO  - After find by --> By.xpath: //*[@resource-id ='com.example.svetlana.scheduler:id/fab_main']
16:21:28 INFO  - Before find by --> By.xpath: //*[@resource-id ='com.example.svetlana.scheduler:id/fab_add_event']
16:21:30 INFO  - After find by --> By.xpath: //*[@resource-id ='com.example.svetlana.scheduler:id/fab_add_event']
16:21:33 INFO  - Before find by --> By.xpath: //*[@resource-id='com.example.svetlana.scheduler:id/row_day_number_txt']
16:21:33 INFO  - After find by --> By.xpath: //*[@resource-id='com.example.svetlana.scheduler:id/row_day_number_txt']
16:21:33 INFO  - Before find by --> By.xpath: //*[@resource-id='com.example.svetlana.scheduler:id/row_day_number_txt']
16:21:34 INFO  - After find by --> By.xpath: //*[@resource-id='com.example.svetlana.scheduler:id/row_day_number_txt']
16:21:34 INFO  - The 'Width' of first element  -->215
16:21:34 INFO  - The 'Height' of first element  -->218
16:21:34 INFO  - The 'X' of first element  -->712
16:21:34 INFO  - The 'Y' of first element  -->288
16:21:34 INFO  - The 'Width' of screen  -->1080
16:21:34 INFO  - The 'Height' of screen  -->1776
16:21:37 INFO  - Before find by --> By.xpath: //*[@resource-id='com.example.svetlana.scheduler:id/info_title_input']
16:21:38 INFO  - After find by --> By.xpath: //*[@resource-id='com.example.svetlana.scheduler:id/info_title_input']
16:21:39 INFO  - Before find by --> By.xpath: //*[@resource-id='com.example.svetlana.scheduler:id/info_title_input']
16:21:39 INFO  - After find by --> By.xpath: //*[@resource-id='com.example.svetlana.scheduler:id/info_title_input']
16:21:40 INFO  - Before find by --> By.xpath: //*[@resource-id='com.example.svetlana.scheduler:id/info_title_input']
16:21:41 INFO  - After find by --> By.xpath: //*[@resource-id='com.example.svetlana.scheduler:id/info_title_input']
16:21:42 INFO  - Before find by --> By.xpath: //*[@resource-id='com.example.svetlana.scheduler:id/info_title_input']
16:21:43 INFO  - After find by --> By.xpath: //*[@resource-id='com.example.svetlana.scheduler:id/info_title_input']
16:21:43 INFO  - Before find by --> By.xpath: //*[@resource-id='com.example.svetlana.scheduler:id/info_type_input']
16:21:45 INFO  - After find by --> By.xpath: //*[@resource-id='com.example.svetlana.scheduler:id/info_type_input']
16:21:45 INFO  - Before find by --> By.xpath: //*[@resource-id='com.example.svetlana.scheduler:id/info_type_input']
16:21:46 INFO  - After find by --> By.xpath: //*[@resource-id='com.example.svetlana.scheduler:id/info_type_input']
16:21:46 INFO  - Before find by --> By.xpath: //*[@resource-id='com.example.svetlana.scheduler:id/info_type_input']
16:21:47 INFO  - After find by --> By.xpath: //*[@resource-id='com.example.svetlana.scheduler:id/info_type_input']
16:21:49 INFO  - Before find by --> By.xpath: //*[@resource-id='com.example.svetlana.scheduler:id/info_break_plus_btn']
16:21:49 INFO  - After find by --> By.xpath: //*[@resource-id='com.example.svetlana.scheduler:id/info_break_plus_btn']
16:21:49 INFO  - Before find by --> By.xpath: //*[@resource-id='com.example.svetlana.scheduler:id/info_break_plus_btn']
16:21:50 INFO  - After find by --> By.xpath: //*[@resource-id='com.example.svetlana.scheduler:id/info_break_plus_btn']
16:21:50 INFO  - Before find by --> By.xpath: //*[@resource-id='com.example.svetlana.scheduler:id/info_wage_edit']
16:21:50 INFO  - After find by --> By.xpath: //*[@resource-id='com.example.svetlana.scheduler:id/info_wage_edit']
16:21:51 INFO  - Before find by --> By.xpath: //*[@resource-id='com.example.svetlana.scheduler:id/info_wage_input']
16:21:52 INFO  - After find by --> By.xpath: //*[@resource-id='com.example.svetlana.scheduler:id/info_wage_input']
16:21:52 INFO  - Before find by --> By.xpath: //*[@resource-id='com.example.svetlana.scheduler:id/info_wage_input']
16:21:53 INFO  - After find by --> By.xpath: //*[@resource-id='com.example.svetlana.scheduler:id/info_wage_input']
16:21:53 INFO  - Before find by --> By.xpath: //*[@resource-id='com.example.svetlana.scheduler:id/info_wage_input']
16:21:54 INFO  - After find by --> By.xpath: //*[@resource-id='com.example.svetlana.scheduler:id/info_wage_input']
16:21:54 INFO  - Before find by --> By.xpath: //*[@resource-id='com.example.svetlana.scheduler:id/info_wage_save']
16:21:55 INFO  - After find by --> By.xpath: //*[@resource-id='com.example.svetlana.scheduler:id/info_wage_save']
16:21:55 INFO  - Before find by --> By.xpath: //*[@resource-id='com.example.svetlana.scheduler:id/info_save_btn']
16:21:56 INFO  - After find by --> By.xpath: //*[@resource-id='com.example.svetlana.scheduler:id/info_save_btn']
16:21:56 INFO  - Before find by --> By.xpath: //*[@resource-id ='com.example.svetlana.scheduler:id/fab_main']
16:22:00 INFO  - After find by --> By.xpath: //*[@resource-id ='com.example.svetlana.scheduler:id/fab_main']
16:22:00 INFO  - Before find by --> By.xpath: //*[@resource-id ='com.example.svetlana.scheduler:id/fab_main']
16:22:00 INFO  - After find by --> By.xpath: //*[@resource-id ='com.example.svetlana.scheduler:id/fab_main']
