23:36:54 INFO  - "deviceName", "Nex"
23:36:54 INFO  - "platformName", "Android"
23:36:54 INFO  - "platformVersion", "8.0"
23:36:54 INFO  - Link to apk --> /Users/tayahatum/Tools/apk/v.0.0.3.apk
23:37:24 INFO  - Before find by --> By.xpath: //*[@resource-id='com.example.svetlana.scheduler:id/log_email_input']
23:37:24 INFO  - After find by --> By.xpath: //*[@resource-id='com.example.svetlana.scheduler:id/log_email_input']
23:37:24 INFO  - You hate a problem org.openqa.selenium.NoSuchElementException: An element could not be located on the page using the given search parameters.
For documentation on this error, please visit: https://www.seleniumhq.org/exceptions/no_such_element.html
Build info: version: '3.141.59', revision: 'e82be7d358', time: '2018-11-14T08:17:03'
System info: host: 'MBP-Taya.lan', ip: 'fe80:0:0:0:27:afd8:f3f4:c01%en0', os.name: 'Mac OS X', os.arch: 'x86_64', os.version: '10.16', java.version: '1.8.0_151'
Driver info: io.appium.java_client.AppiumDriver
Capabilities {app: /Users/tayahatum/Tools/apk/..., appActivity: .presentation.splashScreen...., appPackage: com.example.svetlana.scheduler, automationName: Appium, databaseEnabled: false, desired: {app: /Users/tayahatum/Tools/apk/..., appActivity: .presentation.splashScreen...., appPackage: com.example.svetlana.scheduler, automationName: Appium, deviceName: Nex, platformName: android, platformVersion: 8.0}, deviceApiLevel: 26, deviceManufacturer: Google, deviceModel: Android SDK built for x86, deviceName: emulator-5554, deviceScreenDensity: 480, deviceScreenSize: 1080x1920, deviceUDID: emulator-5554, javascriptEnabled: true, locationContextEnabled: false, networkConnectionEnabled: true, pixelRatio: 3, platform: LINUX, platformName: Android, platformVersion: 8.0.0, statBarHeight: 72, takesScreenshot: true, viewportRect: {height: 1704, left: 0, top: 72, width: 1080}, warnings: {}, webStorageEnabled: false}
Session ID: ce4c24ef-9aca-4edc-bd60-96afefd07dd7
*** Element info: {Using=xpath, value=//*[@resource-id='com.example.svetlana.scheduler:id/log_email_input']}
23:37:25 INFO  - Screen with error in file src/test/screenshots/screen2245.png
23:37:25 INFO  - Before find by --> By.xpath: //*[@resource-id='com.example.svetlana.scheduler:id/log_email_input']
23:37:26 INFO  - After find by --> By.xpath: //*[@resource-id='com.example.svetlana.scheduler:id/log_email_input']
23:37:26 INFO  - You hate a problem org.openqa.selenium.NoSuchElementException: An element could not be located on the page using the given search parameters.
For documentation on this error, please visit: https://www.seleniumhq.org/exceptions/no_such_element.html
Build info: version: '3.141.59', revision: 'e82be7d358', time: '2018-11-14T08:17:03'
System info: host: 'MBP-Taya.lan', ip: 'fe80:0:0:0:27:afd8:f3f4:c01%en0', os.name: 'Mac OS X', os.arch: 'x86_64', os.version: '10.16', java.version: '1.8.0_151'
Driver info: io.appium.java_client.AppiumDriver
Capabilities {app: /Users/tayahatum/Tools/apk/..., appActivity: .presentation.splashScreen...., appPackage: com.example.svetlana.scheduler, automationName: Appium, databaseEnabled: false, desired: {app: /Users/tayahatum/Tools/apk/..., appActivity: .presentation.splashScreen...., appPackage: com.example.svetlana.scheduler, automationName: Appium, deviceName: Nex, platformName: android, platformVersion: 8.0}, deviceApiLevel: 26, deviceManufacturer: Google, deviceModel: Android SDK built for x86, deviceName: emulator-5554, deviceScreenDensity: 480, deviceScreenSize: 1080x1920, deviceUDID: emulator-5554, javascriptEnabled: true, locationContextEnabled: false, networkConnectionEnabled: true, pixelRatio: 3, platform: LINUX, platformName: Android, platformVersion: 8.0.0, statBarHeight: 72, takesScreenshot: true, viewportRect: {height: 1704, left: 0, top: 72, width: 1080}, warnings: {}, webStorageEnabled: false}
Session ID: ce4c24ef-9aca-4edc-bd60-96afefd07dd7
*** Element info: {Using=xpath, value=//*[@resource-id='com.example.svetlana.scheduler:id/log_email_input']}
23:37:27 INFO  - Screen with error in file src/test/screenshots/screen2247.png
23:37:28 INFO  - Before find by --> By.xpath: //*[@resource-id='com.example.svetlana.scheduler:id/log_email_input']
23:37:28 INFO  - After find by --> By.xpath: //*[@resource-id='com.example.svetlana.scheduler:id/log_email_input']
23:37:28 INFO  - Before find by --> By.xpath: //*[@resource-id='com.example.svetlana.scheduler:id/log_email_input']
23:37:29 INFO  - After find by --> By.xpath: //*[@resource-id='com.example.svetlana.scheduler:id/log_email_input']
23:37:29 INFO  - Before find by --> By.xpath: //*[@resource-id='com.example.svetlana.scheduler:id/log_email_input']
23:37:30 INFO  - After find by --> By.xpath: //*[@resource-id='com.example.svetlana.scheduler:id/log_email_input']
23:37:31 INFO  - Before find by --> By.xpath: //*[@resource-id='com.example.svetlana.scheduler:id/log_email_input']
23:37:31 INFO  - After find by --> By.xpath: //*[@resource-id='com.example.svetlana.scheduler:id/log_email_input']
23:37:32 INFO  - Before find by --> By.xpath: //*[@resource-id='com.example.svetlana.scheduler:id/log_password_input']
23:37:33 INFO  - After find by --> By.xpath: //*[@resource-id='com.example.svetlana.scheduler:id/log_password_input']
23:37:34 INFO  - Before find by --> By.xpath: //*[@resource-id='com.example.svetlana.scheduler:id/log_password_input']
23:37:34 INFO  - After find by --> By.xpath: //*[@resource-id='com.example.svetlana.scheduler:id/log_password_input']
23:37:34 INFO  - Before find by --> By.xpath: //*[@resource-id='com.example.svetlana.scheduler:id/log_password_input']
23:37:35 INFO  - After find by --> By.xpath: //*[@resource-id='com.example.svetlana.scheduler:id/log_password_input']
23:37:36 INFO  - Before find by --> By.xpath: //*[@resource-id='com.example.svetlana.scheduler:id/login_btn']
23:37:37 INFO  - After find by --> By.xpath: //*[@resource-id='com.example.svetlana.scheduler:id/login_btn']
23:37:37 INFO  - Before find by --> By.xpath: //*[@content-desc='Open']
23:37:38 INFO  - After find by --> By.xpath: //*[@content-desc='Open']
23:37:38 INFO  - You hate a problem org.openqa.selenium.NoSuchElementException: An element could not be located on the page using the given search parameters.
For documentation on this error, please visit: https://www.seleniumhq.org/exceptions/no_such_element.html
Build info: version: '3.141.59', revision: 'e82be7d358', time: '2018-11-14T08:17:03'
System info: host: 'MBP-Taya.lan', ip: 'fe80:0:0:0:27:afd8:f3f4:c01%en0', os.name: 'Mac OS X', os.arch: 'x86_64', os.version: '10.16', java.version: '1.8.0_151'
Driver info: io.appium.java_client.AppiumDriver
Capabilities {app: /Users/tayahatum/Tools/apk/..., appActivity: .presentation.splashScreen...., appPackage: com.example.svetlana.scheduler, automationName: Appium, databaseEnabled: false, desired: {app: /Users/tayahatum/Tools/apk/..., appActivity: .presentation.splashScreen...., appPackage: com.example.svetlana.scheduler, automationName: Appium, deviceName: Nex, platformName: android, platformVersion: 8.0}, deviceApiLevel: 26, deviceManufacturer: Google, deviceModel: Android SDK built for x86, deviceName: emulator-5554, deviceScreenDensity: 480, deviceScreenSize: 1080x1920, deviceUDID: emulator-5554, javascriptEnabled: true, locationContextEnabled: false, networkConnectionEnabled: true, pixelRatio: 3, platform: LINUX, platformName: Android, platformVersion: 8.0.0, statBarHeight: 72, takesScreenshot: true, viewportRect: {height: 1704, left: 0, top: 72, width: 1080}, warnings: {}, webStorageEnabled: false}
Session ID: ce4c24ef-9aca-4edc-bd60-96afefd07dd7
*** Element info: {Using=xpath, value=//*[@content-desc='Open']}
