16:15:41 INFO  - "deviceName", "Nex"
16:15:41 INFO  - "platformName", "Android"
16:15:41 INFO  - "platformVersion", "8.0"
16:15:41 INFO  - Link to apk --> /Users/tayahatum/Tools/apk/v.0.0.3.apk
16:16:04 INFO  - Before find by --> By.xpath: //*[@resource-id='com.example.svetlana.scheduler:id/log_email_input']
16:16:05 INFO  - After find by --> By.xpath: //*[@resource-id='com.example.svetlana.scheduler:id/log_email_input']
16:16:05 INFO  - You hate a problem org.openqa.selenium.NoSuchElementException: An element could not be located on the page using the given search parameters.
For documentation on this error, please visit: https://www.seleniumhq.org/exceptions/no_such_element.html
Build info: version: '3.141.59', revision: 'e82be7d358', time: '2018-11-14T08:17:03'
System info: host: 'MBP-Taya.lan', ip: 'fe80:0:0:0:e:e815:ae89:1872%en0', os.name: 'Mac OS X', os.arch: 'x86_64', os.version: '10.16', java.version: '1.8.0_151'
Driver info: io.appium.java_client.AppiumDriver
Capabilities {app: /Users/tayahatum/Tools/apk/..., appActivity: .presentation.splashScreen...., appPackage: com.example.svetlana.scheduler, automationName: Appium, databaseEnabled: false, desired: {app: /Users/tayahatum/Tools/apk/..., appActivity: .presentation.splashScreen...., appPackage: com.example.svetlana.scheduler, automationName: Appium, deviceName: Nex, platformName: android, platformVersion: 8.0}, deviceApiLevel: 26, deviceManufacturer: Google, deviceModel: Android SDK built for x86, deviceName: emulator-5554, deviceScreenDensity: 480, deviceScreenSize: 1080x1920, deviceUDID: emulator-5554, javascriptEnabled: true, locationContextEnabled: false, networkConnectionEnabled: true, pixelRatio: 3, platform: LINUX, platformName: Android, platformVersion: 8.0.0, statBarHeight: 72, takesScreenshot: true, viewportRect: {height: 1704, left: 0, top: 72, width: 1080}, warnings: {}, webStorageEnabled: false}
Session ID: 810d128d-c2ba-49fa-921f-9fdee9a5f475
*** Element info: {Using=xpath, value=//*[@resource-id='com.example.svetlana.scheduler:id/log_email_input']}
16:16:05 INFO  - Screen with error in file src/test/screenshots/screen965.png
16:16:06 INFO  - Before find by --> By.xpath: //*[@resource-id='com.example.svetlana.scheduler:id/log_email_input']
16:16:06 INFO  - After find by --> By.xpath: //*[@resource-id='com.example.svetlana.scheduler:id/log_email_input']
16:16:06 INFO  - You hate a problem org.openqa.selenium.NoSuchElementException: An element could not be located on the page using the given search parameters.
For documentation on this error, please visit: https://www.seleniumhq.org/exceptions/no_such_element.html
Build info: version: '3.141.59', revision: 'e82be7d358', time: '2018-11-14T08:17:03'
System info: host: 'MBP-Taya.lan', ip: 'fe80:0:0:0:e:e815:ae89:1872%en0', os.name: 'Mac OS X', os.arch: 'x86_64', os.version: '10.16', java.version: '1.8.0_151'
Driver info: io.appium.java_client.AppiumDriver
Capabilities {app: /Users/tayahatum/Tools/apk/..., appActivity: .presentation.splashScreen...., appPackage: com.example.svetlana.scheduler, automationName: Appium, databaseEnabled: false, desired: {app: /Users/tayahatum/Tools/apk/..., appActivity: .presentation.splashScreen...., appPackage: com.example.svetlana.scheduler, automationName: Appium, deviceName: Nex, platformName: android, platformVersion: 8.0}, deviceApiLevel: 26, deviceManufacturer: Google, deviceModel: Android SDK built for x86, deviceName: emulator-5554, deviceScreenDensity: 480, deviceScreenSize: 1080x1920, deviceUDID: emulator-5554, javascriptEnabled: true, locationContextEnabled: false, networkConnectionEnabled: true, pixelRatio: 3, platform: LINUX, platformName: Android, platformVersion: 8.0.0, statBarHeight: 72, takesScreenshot: true, viewportRect: {height: 1704, left: 0, top: 72, width: 1080}, warnings: {}, webStorageEnabled: false}
Session ID: 810d128d-c2ba-49fa-921f-9fdee9a5f475
*** Element info: {Using=xpath, value=//*[@resource-id='com.example.svetlana.scheduler:id/log_email_input']}
16:16:06 INFO  - Screen with error in file src/test/screenshots/screen966.png
16:16:07 INFO  - Before find by --> By.xpath: //*[@resource-id='com.example.svetlana.scheduler:id/log_email_input']
16:16:08 INFO  - After find by --> By.xpath: //*[@resource-id='com.example.svetlana.scheduler:id/log_email_input']
16:16:08 INFO  - Before find by --> By.xpath: //*[@resource-id='com.example.svetlana.scheduler:id/log_email_input']
16:16:08 INFO  - After find by --> By.xpath: //*[@resource-id='com.example.svetlana.scheduler:id/log_email_input']
16:16:09 INFO  - Before find by --> By.xpath: //*[@resource-id='com.example.svetlana.scheduler:id/log_email_input']
16:16:10 INFO  - After find by --> By.xpath: //*[@resource-id='com.example.svetlana.scheduler:id/log_email_input']
16:16:10 INFO  - Before find by --> By.xpath: //*[@resource-id='com.example.svetlana.scheduler:id/log_email_input']
16:16:11 INFO  - After find by --> By.xpath: //*[@resource-id='com.example.svetlana.scheduler:id/log_email_input']
16:16:12 INFO  - Before find by --> By.xpath: //*[@resource-id='com.example.svetlana.scheduler:id/log_password_input']
16:16:13 INFO  - After find by --> By.xpath: //*[@resource-id='com.example.svetlana.scheduler:id/log_password_input']
16:16:13 INFO  - Before find by --> By.xpath: //*[@resource-id='com.example.svetlana.scheduler:id/log_password_input']
16:16:14 INFO  - After find by --> By.xpath: //*[@resource-id='com.example.svetlana.scheduler:id/log_password_input']
16:16:14 INFO  - Before find by --> By.xpath: //*[@resource-id='com.example.svetlana.scheduler:id/log_password_input']
16:16:15 INFO  - After find by --> By.xpath: //*[@resource-id='com.example.svetlana.scheduler:id/log_password_input']
16:16:17 INFO  - Before find by --> By.xpath: //*[@resource-id='com.example.svetlana.scheduler:id/login_btn']
16:16:17 INFO  - After find by --> By.xpath: //*[@resource-id='com.example.svetlana.scheduler:id/login_btn']
16:16:17 INFO  - Before find by --> By.xpath: //*[@resource-id ='com.example.svetlana.scheduler:id/fab_main']
16:16:18 INFO  - After find by --> By.xpath: //*[@resource-id ='com.example.svetlana.scheduler:id/fab_main']
16:16:18 INFO  - You hate a problem org.openqa.selenium.NoSuchElementException: An element could not be located on the page using the given search parameters.
For documentation on this error, please visit: https://www.seleniumhq.org/exceptions/no_such_element.html
Build info: version: '3.141.59', revision: 'e82be7d358', time: '2018-11-14T08:17:03'
System info: host: 'MBP-Taya.lan', ip: 'fe80:0:0:0:e:e815:ae89:1872%en0', os.name: 'Mac OS X', os.arch: 'x86_64', os.version: '10.16', java.version: '1.8.0_151'
Driver info: io.appium.java_client.AppiumDriver
Capabilities {app: /Users/tayahatum/Tools/apk/..., appActivity: .presentation.splashScreen...., appPackage: com.example.svetlana.scheduler, automationName: Appium, databaseEnabled: false, desired: {app: /Users/tayahatum/Tools/apk/..., appActivity: .presentation.splashScreen...., appPackage: com.example.svetlana.scheduler, automationName: Appium, deviceName: Nex, platformName: android, platformVersion: 8.0}, deviceApiLevel: 26, deviceManufacturer: Google, deviceModel: Android SDK built for x86, deviceName: emulator-5554, deviceScreenDensity: 480, deviceScreenSize: 1080x1920, deviceUDID: emulator-5554, javascriptEnabled: true, locationContextEnabled: false, networkConnectionEnabled: true, pixelRatio: 3, platform: LINUX, platformName: Android, platformVersion: 8.0.0, statBarHeight: 72, takesScreenshot: true, viewportRect: {height: 1704, left: 0, top: 72, width: 1080}, warnings: {}, webStorageEnabled: false}
Session ID: 810d128d-c2ba-49fa-921f-9fdee9a5f475
*** Element info: {Using=xpath, value=//*[@resource-id ='com.example.svetlana.scheduler:id/fab_main']}
16:16:23 INFO  - Screen with error in file src/test/screenshots/screen983.png
16:16:23 INFO  - Before find by --> By.xpath: //*[@resource-id ='com.example.svetlana.scheduler:id/fab_main']
16:16:24 INFO  - After find by --> By.xpath: //*[@resource-id ='com.example.svetlana.scheduler:id/fab_main']
16:16:24 INFO  - Before find by --> By.xpath: //*[@resource-id ='com.example.svetlana.scheduler:id/fab_main']
16:16:25 INFO  - After find by --> By.xpath: //*[@resource-id ='com.example.svetlana.scheduler:id/fab_main']
16:16:25 INFO  - Before find by --> By.xpath: //*[@resource-id ='com.example.svetlana.scheduler:id/fab_add_event']
16:16:27 INFO  - After find by --> By.xpath: //*[@resource-id ='com.example.svetlana.scheduler:id/fab_add_event']
16:16:30 INFO  - Before find by --> By.xpath: //*[@resource-id='com.example.svetlana.scheduler:id/row_day_number_txt']
16:16:30 INFO  - After find by --> By.xpath: //*[@resource-id='com.example.svetlana.scheduler:id/row_day_number_txt']
16:16:30 INFO  - The 'Width' of first element  -->219
16:16:30 INFO  - The 'Height' of first element  -->218
16:16:30 INFO  - The 'X' of first element  -->122
16:16:30 INFO  - The 'Y' of first element  -->288
16:16:31 INFO  - The 'Width' of screen  -->1080
16:16:31 INFO  - The 'Height' of screen  -->1776
16:16:33 INFO  - Before find by --> By.xpath: //*[@resource-id='com.example.svetlana.scheduler:id/info_title_input']
16:16:35 INFO  - After find by --> By.xpath: //*[@resource-id='com.example.svetlana.scheduler:id/info_title_input']
16:16:35 INFO  - Before find by --> By.xpath: //*[@resource-id='com.example.svetlana.scheduler:id/info_title_input']
16:16:35 INFO  - After find by --> By.xpath: //*[@resource-id='com.example.svetlana.scheduler:id/info_title_input']
16:16:36 INFO  - Before find by --> By.xpath: //*[@resource-id='com.example.svetlana.scheduler:id/info_title_input']
16:16:37 INFO  - After find by --> By.xpath: //*[@resource-id='com.example.svetlana.scheduler:id/info_title_input']
16:16:38 INFO  - Before find by --> By.xpath: //*[@resource-id='com.example.svetlana.scheduler:id/info_title_input']
16:16:39 INFO  - After find by --> By.xpath: //*[@resource-id='com.example.svetlana.scheduler:id/info_title_input']
16:16:40 INFO  - Before find by --> By.xpath: //*[@resource-id='com.example.svetlana.scheduler:id/info_type_input']
16:16:41 INFO  - After find by --> By.xpath: //*[@resource-id='com.example.svetlana.scheduler:id/info_type_input']
16:16:42 INFO  - Before find by --> By.xpath: //*[@resource-id='com.example.svetlana.scheduler:id/info_type_input']
16:16:43 INFO  - After find by --> By.xpath: //*[@resource-id='com.example.svetlana.scheduler:id/info_type_input']
16:16:43 INFO  - Before find by --> By.xpath: //*[@resource-id='com.example.svetlana.scheduler:id/info_type_input']
16:16:44 INFO  - After find by --> By.xpath: //*[@resource-id='com.example.svetlana.scheduler:id/info_type_input']
16:16:46 INFO  - Before find by --> By.xpath: //*[@resource-id='com.example.svetlana.scheduler:id/info_break_plus_btn']
16:16:46 INFO  - After find by --> By.xpath: //*[@resource-id='com.example.svetlana.scheduler:id/info_break_plus_btn']
16:16:46 INFO  - Before find by --> By.xpath: //*[@resource-id='com.example.svetlana.scheduler:id/info_break_plus_btn']
16:16:47 INFO  - After find by --> By.xpath: //*[@resource-id='com.example.svetlana.scheduler:id/info_break_plus_btn']
16:16:48 INFO  - Before find by --> By.xpath: //*[@resource-id='com.example.svetlana.scheduler:id/info_wage_edit']
16:16:48 INFO  - After find by --> By.xpath: //*[@resource-id='com.example.svetlana.scheduler:id/info_wage_edit']
16:16:49 INFO  - Before find by --> By.xpath: //*[@resource-id='com.example.svetlana.scheduler:id/info_wage_input']
16:16:50 INFO  - After find by --> By.xpath: //*[@resource-id='com.example.svetlana.scheduler:id/info_wage_input']
16:16:50 INFO  - Before find by --> By.xpath: //*[@resource-id='com.example.svetlana.scheduler:id/info_wage_input']
16:16:51 INFO  - After find by --> By.xpath: //*[@resource-id='com.example.svetlana.scheduler:id/info_wage_input']
16:16:51 INFO  - Before find by --> By.xpath: //*[@resource-id='com.example.svetlana.scheduler:id/info_wage_input']
16:16:53 INFO  - After find by --> By.xpath: //*[@resource-id='com.example.svetlana.scheduler:id/info_wage_input']
16:16:53 INFO  - You hate a problem org.openqa.selenium.NoSuchElementException: An element could not be located on the page using the given search parameters.
For documentation on this error, please visit: https://www.seleniumhq.org/exceptions/no_such_element.html
Build info: version: '3.141.59', revision: 'e82be7d358', time: '2018-11-14T08:17:03'
System info: host: 'MBP-Taya.lan', ip: 'fe80:0:0:0:e:e815:ae89:1872%en0', os.name: 'Mac OS X', os.arch: 'x86_64', os.version: '10.16', java.version: '1.8.0_151'
Driver info: io.appium.java_client.AppiumDriver
Capabilities {app: /Users/tayahatum/Tools/apk/..., appActivity: .presentation.splashScreen...., appPackage: com.example.svetlana.scheduler, automationName: Appium, databaseEnabled: false, desired: {app: /Users/tayahatum/Tools/apk/..., appActivity: .presentation.splashScreen...., appPackage: com.example.svetlana.scheduler, automationName: Appium, deviceName: Nex, platformName: android, platformVersion: 8.0}, deviceApiLevel: 26, deviceManufacturer: Google, deviceModel: Android SDK built for x86, deviceName: emulator-5554, deviceScreenDensity: 480, deviceScreenSize: 1080x1920, deviceUDID: emulator-5554, javascriptEnabled: true, locationContextEnabled: false, networkConnectionEnabled: true, pixelRatio: 3, platform: LINUX, platformName: Android, platformVersion: 8.0.0, statBarHeight: 72, takesScreenshot: true, viewportRect: {height: 1704, left: 0, top: 72, width: 1080}, warnings: {}, webStorageEnabled: false}
Session ID: 810d128d-c2ba-49fa-921f-9fdee9a5f475
*** Element info: {Using=xpath, value=//*[@resource-id='com.example.svetlana.scheduler:id/info_wage_input']}
16:16:54 INFO  - Screen with error in file src/test/screenshots/screen1014.png
